#
# A fatal error has been detected by the Java Runtime Environment:
#
#  EXCEPTION_ACCESS_VIOLATION (0xc0000005) at pc=0x00000247c8fa1066, pid=7776, tid=0x000000000000443c
#
# JRE version: OpenJDK Runtime Environment (8.0_372-b07) (build 1.8.0_372-b07)
# Java VM: OpenJDK 64-Bit Server VM (25.372-b07 mixed mode windows-amd64 compressed oops)
# Problematic frame:
# C  [OpenAL64.dll+0x11066]
#
# Failed to write core dump. Minidumps are not enabled by default on client versions of Windows
#
# If you would like to submit a bug report, please visit:
#   https://github.com/adoptium/adoptium-support/issues
# The crash happened outside the Java Virtual Machine in native code.
# See problematic frame for where to report the bug.
#

---------------  T H R E A D  ---------------

Current thread (0x000002479f8cc000):  JavaThread "main" [_thread_in_native, id=17468, stack(0x0000009966a00000,0x0000009966b00000)]

siginfo: ExceptionCode=0xc0000005, reading address 0x00000247c84e7004

Registers:
RAX=0x00000000ffffffff, RBX=0x00000247ca570090, RCX=0x00000247c84e7008, RDX=0x00000247c84e7004
RSP=0x0000009966afcd50, RBP=0x00000000000000ff, RSI=0x00000247c84d79cc, RDI=0x0000000000000000
R8 =0x0000000000003d8e, R9 =0x00000247c84d79cc, R10=0x00000247a1389622, R11=0x000000006f448e00
R12=0x0000000000000001, R13=0x00000247c912c920, R14=0x0000009966afcef0, R15=0x000002479f8cc000
RIP=0x00000247c8fa1066, EFLAGS=0x0000000000010202

Top of Stack: (sp=0x0000009966afcd50)
0x0000009966afcd50:   0000000000000000 000002479f8cc000
0x0000009966afcd60:   0000009966afcef0 00000247c912c920
0x0000009966afcd70:   00000247c912c920 0000000000000000
0x0000009966afcd80:   000002479f8cc000 0000000000000000
0x0000009966afcd90:   0000009966afceb8 000000006f2df1eb
0x0000009966afcda0:   0000009966afcdd0 00000247a13ca2d3
0x0000009966afcdb0:   000002479f896640 000002479f8ccb30
0x0000009966afcdc0:   000002479f8cc000 0000009966afcef0
0x0000009966afcdd0:   00000247c912c920 0000000000000000
0x0000009966afcde0:   00000247c84d79cc 0000000000000248
0x0000009966afcdf0:   0000009966afceb8 00000247c8fa248f
0x0000009966afce00:   00000247ca570090 00000247ca570090
0x0000009966afce10:   000002470000ac44 00000247ffffffff
0x0000009966afce20:   00000247a1377bd0 00000247a138964e
0x0000009966afce30:   00000247c912c920 0000000000000248
0x0000009966afce40:   00000247a1377bd0 00000247a138935b 

Instructions: (pc=0x00000247c8fa1066)
0x00000247c8fa1046:   41 2b ec 81 3a 03 00 02 00 75 09 8b 01 89 84 24
0x00000247c8fa1056:   c8 00 00 00 49 83 c0 02 48 83 c1 08 4a 8d 14 86
0x00000247c8fa1066:   39 3a 75 af 4c 8d 84 24 c0 00 00 00 48 8d 15 d7
0x00000247c8fa1076:   2b 03 00 33 c9 e8 58 5f 00 00 b8 40 1f 00 00 4c 


Register to memory mapping:

RAX=0x00000000ffffffff is an unknown value
RBX=0x00000247ca570090 is an unknown value
RCX=0x00000247c84e7008 is an unknown value
RDX=0x00000247c84e7004 is an unknown value
RSP=0x0000009966afcd50 is pointing into the stack for thread: 0x000002479f8cc000
RBP=0x00000000000000ff is an unknown value
RSI=0x00000247c84d79cc is an unknown value
RDI=0x0000000000000000 is an unknown value
R8 =0x0000000000003d8e is an unknown value
R9 =0x00000247c84d79cc is an unknown value
R10=0x00000247a1389622 is at code_begin+962 in an Interpreter codelet
method entry point (kind = native)  [0x00000247a1389260, 0x00000247a1389d00]  2720 bytes
R11=0x000000006f448e00 is an unknown value
R12=0x0000000000000001 is an unknown value
R13={method} {0x00000247c912c928} 'nalcCreateContext' '(JJ)J' in 'org/lwjgl/openal/ALC10'
R14=0x0000009966afcef0 is pointing into the stack for thread: 0x000002479f8cc000
R15=0x000002479f8cc000 is a thread


Stack: [0x0000009966a00000,0x0000009966b00000],  sp=0x0000009966afcd50,  free space=1011k
Native frames: (J=compiled Java code, j=interpreted, Vv=VM code, C=native code)
C  [OpenAL64.dll+0x11066]
C  [OpenAL64.dll+0x1248f]
C  0x00000247a138964e

Java frames: (J=compiled Java code, j=interpreted, Vv=VM code)
j  org.lwjgl.openal.ALC10.nalcCreateContext(JJ)J+0
j  org.lwjgl.openal.ALC10.alcCreateContext(Lorg/lwjgl/openal/ALCdevice;Ljava/nio/IntBuffer;)Lorg/lwjgl/openal/ALCcontext;+8
j  org.lwjgl.openal.AL.init(Ljava/lang/String;IIZZ)V+69
j  org.lwjgl.openal.AL.create(Ljava/lang/String;IIZZ)V+246
j  org.lwjgl.openal.AL.create(Ljava/lang/String;IIZ)V+5
j  org.lwjgl.openal.AL.create()V+6
j  com.badlogic.gdx.backends.lwjgl.audio.OpenALAudio.<init>(III)V+114
j  com.badlogic.gdx.backends.lwjgl.LwjglApplication.<init>(Lcom/badlogic/gdx/ApplicationListener;Lcom/badlogic/gdx/backends/lwjgl/LwjglApplicationConfiguration;Lcom/badlogic/gdx/backends/lwjgl/LwjglGraphics;)V+120
j  com.badlogic.gdx.backends.lwjgl.LwjglApplication.<init>(Lcom/badlogic/gdx/ApplicationListener;Lcom/badlogic/gdx/backends/lwjgl/LwjglApplicationConfiguration;)V+11
j  org.uqbar.project.wollok.game.gameboard.WollokGDXApplication.<init>(Lorg/uqbar/project/wollok/game/gameboard/Gameboard;Ljava/lang/Boolean;)V+17
j  org.uqbar.project.wollok.game.helpers.Application.start(Lorg/uqbar/project/wollok/game/gameboard/Gameboard;Ljava/lang/Boolean;)V+5
j  org.uqbar.project.wollok.game.gameboard.Gameboard.start(Ljava/lang/Boolean;)V+13
j  wollok.game.GameObject.doStart(Ljava/lang/Boolean;)V+12
v  ~StubRoutines::call_stub
j  sun.reflect.NativeMethodAccessorImpl.invoke0(Ljava/lang/reflect/Method;Ljava/lang/Object;[Ljava/lang/Object;)Ljava/lang/Object;+0
J 3173 C1 sun.reflect.NativeMethodAccessorImpl.invoke(Ljava/lang/Object;[Ljava/lang/Object;)Ljava/lang/Object; (104 bytes) @ 0x00000247a1d1ce54 [0x00000247a1d1ca60+0x3f4]
J 2652 C1 sun.reflect.DelegatingMethodAccessorImpl.invoke(Ljava/lang/Object;[Ljava/lang/Object;)Ljava/lang/Object; (10 bytes) @ 0x00000247a1bf3e8c [0x00000247a1bf3d80+0x10c]
J 2644 C1 java.lang.reflect.Method.invoke(Ljava/lang/Object;[Ljava/lang/Object;)Ljava/lang/Object; (62 bytes) @ 0x00000247a1bf33f4 [0x00000247a1bf3000+0x3f4]
j  org.uqbar.project.wollok.ui.utils.XTendUtilExtensions.invokeConvertingArgs(Ljava/lang/reflect/Method;Ljava/lang/Object;[Ljava/lang/Object;)Lorg/uqbar/project/wollok/interpreter/core/WollokObject;+261
j  org.uqbar.project.wollok.interpreter.AbstractWollokCallable._invokeNative(Ljava/lang/Object;Ljava/lang/String;[Lorg/uqbar/project/wollok/interpreter/core/WollokObject;)Lorg/uqbar/project/wollok/interpreter/core/WollokObject;+41
j  org.uqbar.project.wollok.interpreter.AbstractWollokCallable.invokeNative(Ljava/lang/Object;Ljava/lang/String;[Lorg/uqbar/project/wollok/interpreter/core/WollokObject;)Lorg/uqbar/project/wollok/interpreter/core/WollokObject;+26
j  org.uqbar.project.wollok.interpreter.AbstractWollokCallable$1.apply()Lorg/uqbar/project/wollok/interpreter/core/WollokObject;+55
j  org.uqbar.project.wollok.interpreter.AbstractWollokCallable$1.apply()Ljava/lang/Object;+1
j  org.uqbar.project.wollok.interpreter.threads.WThread.performOnStack(Lorg/eclipse/emf/ecore/EObject;Lorg/uqbar/project/wollok/interpreter/context/EvaluationContext;Lorg/eclipse/xtext/xbase/lib/Functions$Function0;)Lorg/uqbar/project/wollok/interpreter/core/WollokObject;+29
j  org.uqbar.project.wollok.interpreter.WollokInterpreter.performOnStack(Lorg/eclipse/emf/ecore/EObject;Lorg/uqbar/project/wollok/interpreter/context/EvaluationContext;Lorg/eclipse/xtext/xbase/lib/Functions$Function0;)Lorg/uqbar/project/wollok/interpreter/core/WollokObject;+7
j  org.uqbar.project.wollok.interpreter.AbstractWollokCallable.call(Lorg/uqbar/project/wollok/wollokDsl/WMethodDeclaration;[Lorg/uqbar/project/wollok/interpreter/core/WollokObject;)Lorg/uqbar/project/wollok/interpreter/core/WollokObject;+38
j  org.uqbar.project.wollok.interpreter.core.WollokObject.call(Ljava/lang/String;[Lorg/uqbar/project/wollok/interpreter/core/WollokObject;)Lorg/uqbar/project/wollok/interpreter/core/WollokObject;+55
j  org.uqbar.project.wollok.interpreter.WollokInterpreterEvaluator._evaluate(Lorg/uqbar/project/wollok/wollokDsl/WFeatureCall;)Lorg/uqbar/project/wollok/interpreter/core/WollokObject;+119
j  org.uqbar.project.wollok.launch.WollokLauncherInterpreterEvaluator.evaluate(Lorg/eclipse/emf/ecore/EObject;)Lorg/uqbar/project/wollok/interpreter/core/WollokObject;+412
j  org.uqbar.project.wollok.interpreter.WollokInterpreterEvaluator.evaluate(Lorg/eclipse/emf/ecore/EObject;)Ljava/lang/Object;+2
j  org.uqbar.project.wollok.interpreter.WollokInterpreter.eval(Lorg/eclipse/emf/ecore/EObject;)Lorg/uqbar/project/wollok/interpreter/core/WollokObject;+63
j  org.uqbar.project.wollok.interpreter.WollokInterpreterEvaluator.eval(Lorg/eclipse/emf/ecore/EObject;)Lorg/uqbar/project/wollok/interpreter/core/WollokObject;+5
j  org.uqbar.project.wollok.interpreter.WollokInterpreterEvaluator$1.apply(Lorg/uqbar/project/wollok/interpreter/core/WollokObject;Lorg/eclipse/emf/ecore/EObject;)Lorg/uqbar/project/wollok/interpreter/core/WollokObject;+5
j  org.uqbar.project.wollok.interpreter.WollokInterpreterEvaluator$1.apply(Ljava/lang/Object;Ljava/lang/Object;)Ljava/lang/Object;+9
j  org.eclipse.xtext.xbase.lib.IteratorExtensions.fold(Ljava/util/Iterator;Ljava/lang/Object;Lorg/eclipse/xtext/xbase/lib/Functions$Function2;)Ljava/lang/Object;+19
j  org.eclipse.xtext.xbase.lib.IterableExtensions.fold(Ljava/lang/Iterable;Ljava/lang/Object;Lorg/eclipse/xtext/xbase/lib/Functions$Function2;)Ljava/lang/Object;+8
j  org.uqbar.project.wollok.interpreter.WollokInterpreterEvaluator.evalAll(Ljava/lang/Iterable;)Lorg/uqbar/project/wollok/interpreter/core/WollokObject;+12
j  org.uqbar.project.wollok.interpreter.WollokInterpreterEvaluator._evaluate(Lorg/uqbar/project/wollok/wollokDsl/WBlockExpression;)Lorg/uqbar/project/wollok/interpreter/core/WollokObject;+34
j  org.uqbar.project.wollok.launch.WollokLauncherInterpreterEvaluator.evaluate(Lorg/eclipse/emf/ecore/EObject;)Lorg/uqbar/project/wollok/interpreter/core/WollokObject;+76
j  org.uqbar.project.wollok.interpreter.WollokInterpreterEvaluator.evaluate(Lorg/eclipse/emf/ecore/EObject;)Ljava/lang/Object;+2
j  org.uqbar.project.wollok.interpreter.WollokInterpreter.eval(Lorg/eclipse/emf/ecore/EObject;)Lorg/uqbar/project/wollok/interpreter/core/WollokObject;+63
j  org.uqbar.project.wollok.interpreter.AbstractWollokCallable.eval(Lorg/eclipse/emf/ecore/EObject;)Lorg/uqbar/project/wollok/interpreter/core/WollokObject;+5
j  org.uqbar.project.wollok.interpreter.AbstractWollokCallable$1.apply()Lorg/uqbar/project/wollok/interpreter/core/WollokObject;+110
j  org.uqbar.project.wollok.interpreter.AbstractWollokCallable$1.apply()Ljava/lang/Object;+1
j  org.uqbar.project.wollok.interpreter.threads.WThread.performOnStack(Lorg/eclipse/emf/ecore/EObject;Lorg/uqbar/project/wollok/interpreter/context/EvaluationContext;Lorg/eclipse/xtext/xbase/lib/Functions$Function0;)Lorg/uqbar/project/wollok/interpreter/core/WollokObject;+29
j  org.uqbar.project.wollok.interpreter.WollokInterpreter.performOnStack(Lorg/eclipse/emf/ecore/EObject;Lorg/uqbar/project/wollok/interpreter/context/EvaluationContext;Lorg/eclipse/xtext/xbase/lib/Functions$Function0;)Lorg/uqbar/project/wollok/interpreter/core/WollokObject;+7
j  org.uqbar.project.wollok.interpreter.AbstractWollokCallable.call(Lorg/uqbar/project/wollok/wollokDsl/WMethodDeclaration;[Lorg/uqbar/project/wollok/interpreter/core/WollokObject;)Lorg/uqbar/project/wollok/interpreter/core/WollokObject;+38
j  org.uqbar.project.wollok.interpreter.core.WollokObject.call(Ljava/lang/String;[Lorg/uqbar/project/wollok/interpreter/core/WollokObject;)Lorg/uqbar/project/wollok/interpreter/core/WollokObject;+55
j  org.uqbar.project.wollok.interpreter.WollokInterpreterEvaluator._evaluate(Lorg/uqbar/project/wollok/wollokDsl/WFeatureCall;)Lorg/uqbar/project/wollok/interpreter/core/WollokObject;+119
j  org.uqbar.project.wollok.launch.WollokLauncherInterpreterEvaluator.evaluate(Lorg/eclipse/emf/ecore/EObject;)Lorg/uqbar/project/wollok/interpreter/core/WollokObject;+412
j  org.uqbar.project.wollok.interpreter.WollokInterpreterEvaluator.evaluate(Lorg/eclipse/emf/ecore/EObject;)Ljava/lang/Object;+2
j  org.uqbar.project.wollok.interpreter.WollokInterpreter.eval(Lorg/eclipse/emf/ecore/EObject;)Lorg/uqbar/project/wollok/interpreter/core/WollokObject;+63
j  org.uqbar.project.wollok.interpreter.WollokInterpreterEvaluator.eval(Lorg/eclipse/emf/ecore/EObject;)Lorg/uqbar/project/wollok/interpreter/core/WollokObject;+5
j  org.uqbar.project.wollok.interpreter.WollokInterpreterEvaluator$1.apply(Lorg/uqbar/project/wollok/interpreter/core/WollokObject;Lorg/eclipse/emf/ecore/EObject;)Lorg/uqbar/project/wollok/interpreter/core/WollokObject;+5
j  org.uqbar.project.wollok.interpreter.WollokInterpreterEvaluator$1.apply(Ljava/lang/Object;Ljava/lang/Object;)Ljava/lang/Object;+9
j  org.eclipse.xtext.xbase.lib.IteratorExtensions.fold(Ljava/util/Iterator;Ljava/lang/Object;Lorg/eclipse/xtext/xbase/lib/Functions$Function2;)Ljava/lang/Object;+19
j  org.eclipse.xtext.xbase.lib.IterableExtensions.fold(Ljava/lang/Iterable;Ljava/lang/Object;Lorg/eclipse/xtext/xbase/lib/Functions$Function2;)Ljava/lang/Object;+8
j  org.uqbar.project.wollok.interpreter.WollokInterpreterEvaluator.evalAll(Ljava/lang/Iterable;)Lorg/uqbar/project/wollok/interpreter/core/WollokObject;+12
j  org.uqbar.project.wollok.interpreter.WollokInterpreterEvaluator._evaluate(Lorg/uqbar/project/wollok/wollokDsl/WProgram;)Lorg/uqbar/project/wollok/interpreter/core/WollokObject;+18
j  org.uqbar.project.wollok.launch.WollokLauncherInterpreterEvaluator.evaluate(Lorg/eclipse/emf/ecore/EObject;)Lorg/uqbar/project/wollok/interpreter/core/WollokObject;+444
j  org.uqbar.project.wollok.interpreter.WollokInterpreterEvaluator.evaluate(Lorg/eclipse/emf/ecore/EObject;)Ljava/lang/Object;+2
j  org.uqbar.project.wollok.interpreter.WollokInterpreter.eval(Lorg/eclipse/emf/ecore/EObject;)Lorg/uqbar/project/wollok/interpreter/core/WollokObject;+63
j  org.uqbar.project.wollok.interpreter.WollokInterpreterEvaluator.eval(Lorg/eclipse/emf/ecore/EObject;)Lorg/uqbar/project/wollok/interpreter/core/WollokObject;+5
j  org.uqbar.project.wollok.launch.WollokLauncherInterpreterEvaluator._evaluate(Lorg/uqbar/project/wollok/wollokDsl/WFile;)Lorg/uqbar/project/wollok/interpreter/core/WollokObject;+32
j  org.uqbar.project.wollok.launch.WollokLauncherInterpreterEvaluator.evaluate(Lorg/eclipse/emf/ecore/EObject;)Lorg/uqbar/project/wollok/interpreter/core/WollokObject;+428
j  org.uqbar.project.wollok.interpreter.WollokInterpreterEvaluator.evaluate(Lorg/eclipse/emf/ecore/EObject;)Ljava/lang/Object;+2
j  org.uqbar.project.wollok.interpreter.WollokInterpreter.interpret(Lorg/eclipse/emf/ecore/EObject;Ljava/lang/Boolean;)Lorg/uqbar/project/wollok/interpreter/core/WollokObject;+25
j  org.uqbar.project.wollok.interpreter.WollokInterpreter.interpret(Lorg/eclipse/emf/ecore/EObject;)Lorg/uqbar/project/wollok/interpreter/core/WollokObject;+8
j  org.uqbar.project.wollok.launch.WollokLauncher.doSomething(Lorg/uqbar/project/wollok/wollokDsl/WFile;Lcom/google/inject/Injector;Ljava/io/File;Lorg/uqbar/project/wollok/launch/WollokLauncherParameters;)V+109
j  org.uqbar.project.wollok.launch.WollokChecker.launch(Ljava/lang/String;Lorg/uqbar/project/wollok/launch/WollokLauncherParameters;)V+31
j  org.uqbar.project.wollok.launch.WollokChecker.doMain([Ljava/lang/String;)V+205
j  org.uqbar.project.wollok.launch.WollokLauncher.main([Ljava/lang/String;)V+8
v  ~StubRoutines::call_stub

---------------  P R O C E S S  ---------------

Java Threads: ( => current thread )
  0x00000247c564a800 JavaThread "com.google.inject.internal.util.$Finalizer" daemon [_thread_blocked, id=1104, stack(0x0000009967f00000,0x0000009968000000)]
  0x00000247c52a7000 JavaThread "EMF Reference Cleaner" daemon [_thread_blocked, id=26356, stack(0x0000009967e00000,0x0000009967f00000)]
  0x00000247c48a0800 JavaThread "Service Thread" daemon [_thread_blocked, id=7204, stack(0x0000009967c00000,0x0000009967d00000)]
  0x00000247c2a10000 JavaThread "C1 CompilerThread3" daemon [_thread_blocked, id=27580, stack(0x0000009967b00000,0x0000009967c00000)]
  0x00000247c2a08000 JavaThread "C2 CompilerThread2" daemon [_thread_blocked, id=5032, stack(0x0000009967a00000,0x0000009967b00000)]
  0x00000247c2a05800 JavaThread "C2 CompilerThread1" daemon [_thread_blocked, id=25464, stack(0x0000009967900000,0x0000009967a00000)]
  0x00000247c2a0b800 JavaThread "C2 CompilerThread0" daemon [_thread_blocked, id=528, stack(0x0000009967800000,0x0000009967900000)]
  0x00000247c29fd800 JavaThread "Attach Listener" daemon [_thread_blocked, id=19848, stack(0x0000009967700000,0x0000009967800000)]
  0x00000247c29fc800 JavaThread "Signal Dispatcher" daemon [_thread_blocked, id=2216, stack(0x0000009967600000,0x0000009967700000)]
  0x00000247c29d6800 JavaThread "Finalizer" daemon [_thread_blocked, id=9416, stack(0x0000009967500000,0x0000009967600000)]
  0x00000247c29c7800 JavaThread "Reference Handler" daemon [_thread_blocked, id=9992, stack(0x0000009967400000,0x0000009967500000)]
=>0x000002479f8cc000 JavaThread "main" [_thread_in_native, id=17468, stack(0x0000009966a00000,0x0000009966b00000)]

Other Threads:
  0x00000247c299d800 VMThread [stack: 0x0000009967300000,0x0000009967400000] [id=13236]
  0x00000247c2a6c000 WatcherThread [stack: 0x0000009967d00000,0x0000009967e00000] [id=1236]

VM state:not at safepoint (normal execution)

VM Mutex/Monitor currently owned by a thread: None

heap address: 0x00000005e0c00000, size: 7668 MB, Compressed Oops mode: Zero based, Oop shift amount: 3
Narrow klass base: 0x0000000000000000, Narrow klass shift: 3
Compressed class space size: 1073741824 Address: 0x00000007c0000000

Heap:
 PSYoungGen      total 143360K, used 13513K [0x0000000720400000, 0x0000000731c00000, 0x00000007c0000000)
  eden space 122880K, 10% used [0x0000000720400000,0x0000000721132790,0x0000000727c00000)
  from space 20480K, 0% used [0x0000000729000000,0x0000000729000000,0x000000072a400000)
  to   space 20480K, 0% used [0x0000000727c00000,0x0000000727c00000,0x0000000729000000)
 ParOldGen       total 223744K, used 18286K [0x00000005e0c00000, 0x00000005ee680000, 0x0000000720400000)
  object space 223744K, 8% used [0x00000005e0c00000,0x00000005e1ddb820,0x00000005ee680000)
 Metaspace       used 21880K, capacity 22190K, committed 22400K, reserved 1069056K
  class space    used 2762K, capacity 2861K, committed 2944K, reserved 1048576K

Card table byte_map: [0x00000247b0730000,0x00000247b1630000] byte_map_base: 0x00000247ad82a000

Marking Bits: (ParMarkBitMap*) 0x000000006fa1f810
 Begin Bits: [0x00000247b2030000, 0x00000247b9800000)
 End Bits:   [0x00000247b9800000, 0x00000247c0fd0000)

Polling page: 0x000002479fb10000

CodeCache: size=245760Kb used=10382Kb max_used=10382Kb free=235377Kb
 bounds [0x00000247a1370000, 0x00000247a1da0000, 0x00000247b0370000]
 total_blobs=3723 nmethods=3269 adapters=365
 compilation: enabled

Compilation events (10 events):
Event: 2.944 Thread 0x00000247c2a10000 3265       3       java.io.FileInputStream::read (9 bytes)
Event: 2.944 Thread 0x00000247c2a10000 nmethod 3265 0x00000247a1d9ab10 code [0x00000247a1d9ac80, 0x00000247a1d9ae10]
Event: 2.953 Thread 0x00000247c2a10000 3266       3       java.nio.DirectByteBuffer::put (18 bytes)
Event: 2.953 Thread 0x00000247c2a10000 nmethod 3266 0x00000247a1d9b290 code [0x00000247a1d9b400, 0x00000247a1d9b678]
Event: 2.953 Thread 0x00000247c2a10000 3267       3       java.nio.DirectByteBuffer::ix (10 bytes)
Event: 2.954 Thread 0x00000247c2a10000 nmethod 3267 0x00000247a1d9b790 code [0x00000247a1d9b8e0, 0x00000247a1d9ba38]
Event: 2.954 Thread 0x00000247c2a10000 3269       3       java.nio.DirectByteBuffer::put (18 bytes)
Event: 2.954 Thread 0x00000247c2a10000 nmethod 3269 0x00000247a1d9bad0 code [0x00000247a1d9bc40, 0x00000247a1d9beb8]
Event: 2.954 Thread 0x00000247c2a10000 3270       1       java.nio.DirectByteBuffer::ix (10 bytes)
Event: 2.954 Thread 0x00000247c2a10000 nmethod 3270 0x00000247a1d53a90 code [0x00000247a1d53be0, 0x00000247a1d53cf8]

GC Heap History (6 events):
Event: 1.672 GC heap before
{Heap before GC invocations=1 (full 0):
 PSYoungGen      total 143360K, used 122880K [0x0000000720400000, 0x000000072a400000, 0x00000007c0000000)
  eden space 122880K, 100% used [0x0000000720400000,0x0000000727c00000,0x0000000727c00000)
  from space 20480K, 0% used [0x0000000729000000,0x0000000729000000,0x000000072a400000)
  to   space 20480K, 0% used [0x0000000727c00000,0x0000000727c00000,0x0000000729000000)
 ParOldGen       total 327680K, used 0K [0x00000005e0c00000, 0x00000005f4c00000, 0x0000000720400000)
  object space 327680K, 0% used [0x00000005e0c00000,0x00000005e0c00000,0x00000005f4c00000)
 Metaspace       used 16331K, capacity 16494K, committed 16768K, reserved 1064960K
  class space    used 2042K, capacity 2099K, committed 2176K, reserved 1048576K
Event: 1.685 GC heap after
Heap after GC invocations=1 (full 0):
 PSYoungGen      total 143360K, used 20473K [0x0000000720400000, 0x000000072a400000, 0x00000007c0000000)
  eden space 122880K, 0% used [0x0000000720400000,0x0000000720400000,0x0000000727c00000)
  from space 20480K, 99% used [0x0000000727c00000,0x0000000728ffe580,0x0000000729000000)
  to   space 20480K, 0% used [0x0000000729000000,0x0000000729000000,0x000000072a400000)
 ParOldGen       total 327680K, used 1417K [0x00000005e0c00000, 0x00000005f4c00000, 0x0000000720400000)
  object space 327680K, 0% used [0x00000005e0c00000,0x00000005e0d62588,0x00000005f4c00000)
 Metaspace       used 16331K, capacity 16494K, committed 16768K, reserved 1064960K
  class space    used 2042K, capacity 2099K, committed 2176K, reserved 1048576K
}
Event: 2.641 GC heap before
{Heap before GC invocations=2 (full 0):
 PSYoungGen      total 143360K, used 73469K [0x0000000720400000, 0x000000072a400000, 0x00000007c0000000)
  eden space 122880K, 43% used [0x0000000720400000,0x00000007237c11c0,0x0000000727c00000)
  from space 20480K, 99% used [0x0000000727c00000,0x0000000728ffe580,0x0000000729000000)
  to   space 20480K, 0% used [0x0000000729000000,0x0000000729000000,0x000000072a400000)
 ParOldGen       total 327680K, used 1417K [0x00000005e0c00000, 0x00000005f4c00000, 0x0000000720400000)
  object space 327680K, 0% used [0x00000005e0c00000,0x00000005e0d62588,0x00000005f4c00000)
 Metaspace       used 20880K, capacity 21096K, committed 21248K, reserved 1067008K
  class space    used 2652K, capacity 2732K, committed 2816K, reserved 1048576K
Event: 2.654 GC heap after
Heap after GC invocations=2 (full 0):
 PSYoungGen      total 143360K, used 18611K [0x0000000720400000, 0x0000000731c00000, 0x00000007c0000000)
  eden space 122880K, 0% used [0x0000000720400000,0x0000000720400000,0x0000000727c00000)
  from space 20480K, 90% used [0x0000000729000000,0x000000072a22cec0,0x000000072a400000)
  to   space 20480K, 0% used [0x0000000727c00000,0x0000000727c00000,0x0000000729000000)
 ParOldGen       total 327680K, used 1441K [0x00000005e0c00000, 0x00000005f4c00000, 0x0000000720400000)
  object space 327680K, 0% used [0x00000005e0c00000,0x00000005e0d68588,0x00000005f4c00000)
 Metaspace       used 20880K, capacity 21096K, committed 21248K, reserved 1067008K
  class space    used 2652K, capacity 2732K, committed 2816K, reserved 1048576K
}
Event: 2.654 GC heap before
{Heap before GC invocations=3 (full 1):
 PSYoungGen      total 143360K, used 18611K [0x0000000720400000, 0x0000000731c00000, 0x00000007c0000000)
  eden space 122880K, 0% used [0x0000000720400000,0x0000000720400000,0x0000000727c00000)
  from space 20480K, 90% used [0x0000000729000000,0x000000072a22cec0,0x000000072a400000)
  to   space 20480K, 0% used [0x0000000727c00000,0x0000000727c00000,0x0000000729000000)
 ParOldGen       total 327680K, used 1441K [0x00000005e0c00000, 0x00000005f4c00000, 0x0000000720400000)
  object space 327680K, 0% used [0x00000005e0c00000,0x00000005e0d68588,0x00000005f4c00000)
 Metaspace       used 20880K, capacity 21096K, committed 21248K, reserved 1067008K
  class space    used 2652K, capacity 2732K, committed 2816K, reserved 1048576K
Event: 2.706 GC heap after
Heap after GC invocations=3 (full 1):
 PSYoungGen      total 143360K, used 0K [0x0000000720400000, 0x0000000731c00000, 0x00000007c0000000)
  eden space 122880K, 0% used [0x0000000720400000,0x0000000720400000,0x0000000727c00000)
  from space 20480K, 0% used [0x0000000729000000,0x0000000729000000,0x000000072a400000)
  to   space 20480K, 0% used [0x0000000727c00000,0x0000000727c00000,0x0000000729000000)
 ParOldGen       total 223744K, used 18286K [0x00000005e0c00000, 0x00000005ee680000, 0x0000000720400000)
  object space 223744K, 8% used [0x00000005e0c00000,0x00000005e1ddb820,0x00000005ee680000)
 Metaspace       used 20880K, capacity 21096K, committed 21248K, reserved 1067008K
  class space    used 2652K, capacity 2732K, committed 2816K, reserved 1048576K
}

Deoptimization events (10 events):
Event: 2.471 Thread 0x000002479f8cc000 Uncommon trap: reason=bimorphic action=maybe_recompile pc=0x00000247a1c22e08 method=com.google.common.collect.AbstractIterator.tryToComputeNext()Z @ 9
Event: 2.471 Thread 0x000002479f8cc000 Uncommon trap: reason=bimorphic action=maybe_recompile pc=0x00000247a1c22e08 method=com.google.common.collect.AbstractIterator.tryToComputeNext()Z @ 9
Event: 2.471 Thread 0x000002479f8cc000 Uncommon trap: reason=bimorphic action=maybe_recompile pc=0x00000247a1c22e08 method=com.google.common.collect.AbstractIterator.tryToComputeNext()Z @ 9
Event: 2.473 Thread 0x000002479f8cc000 Uncommon trap: reason=unstable_if action=reinterpret pc=0x00000247a1c34b1c method=org.eclipse.emf.common.notify.impl.NotifierImpl.eAdapters()Lorg/eclipse/emf/common/util/EList; @ 4
Event: 2.478 Thread 0x000002479f8cc000 Uncommon trap: reason=unstable_if action=reinterpret pc=0x00000247a1c401d4 method=org.eclipse.emf.common.notify.impl.BasicNotifierImpl$EAdapterList.getAdapterForType(Ljava/lang/Object;)Lorg/eclipse/emf/common/notify/Adapter; @ 50
Event: 2.488 Thread 0x000002479f8cc000 Uncommon trap: reason=unstable_if action=reinterpret pc=0x00000247a1c39878 method=org.eclipse.emf.common.notify.impl.BasicNotifierImpl$EAdapterList.getAdapterForType(Ljava/lang/Object;)Lorg/eclipse/emf/common/notify/Adapter; @ 50
Event: 2.797 Thread 0x000002479f8cc000 Uncommon trap: reason=unstable_if action=reinterpret pc=0x00000247a16c7188 method=java.io.WinNTFileSystem.normalize(Ljava/lang/String;)Ljava/lang/String; @ 49
Event: 2.823 Thread 0x000002479f8cc000 Uncommon trap: reason=predicate action=maybe_recompile pc=0x00000247a17ae5f0 method=java.lang.String.regionMatches(ZILjava/lang/String;II)Z @ 63
Event: 2.919 Thread 0x000002479f8cc000 Uncommon trap: reason=unstable_if action=reinterpret pc=0x00000247a15a37dc method=java.lang.ThreadLocal$ThreadLocalMap.getEntry(Ljava/lang/ThreadLocal;)Ljava/lang/ThreadLocal$ThreadLocalMap$Entry; @ 29
Event: 2.919 Thread 0x000002479f8cc000 Uncommon trap: reason=unstable_if action=reinterpret pc=0x00000247a15a646c method=java.lang.ThreadLocal$ThreadLocalMap.getEntry(Ljava/lang/ThreadLocal;)Ljava/lang/ThreadLocal$ThreadLocalMap$Entry; @ 29

Classes redefined (0 events):
No events

Internal exceptions (10 events):
Event: 2.513 Thread 0x000002479f8cc000 Exception <a 'java/lang/reflect/InvocationTargetException'> (0x0000000722f66a00) thrown at [J:\jenkins\tmp\workspace\build\src\hotspot\src\share\vm\runtime\reflection.cpp, line 1092]
Event: 2.515 Thread 0x000002479f8cc000 Exception <a 'java/lang/reflect/InvocationTargetException'> (0x0000000722f7f5e8) thrown at [J:\jenkins\tmp\workspace\build\src\hotspot\src\share\vm\runtime\reflection.cpp, line 1092]
Event: 2.519 Thread 0x000002479f8cc000 Exception <a 'java/lang/reflect/InvocationTargetException'> (0x0000000722fba030) thrown at [J:\jenkins\tmp\workspace\build\src\hotspot\src\share\vm\runtime\reflection.cpp, line 1092]
Event: 2.521 Thread 0x000002479f8cc000 Exception <a 'java/lang/reflect/InvocationTargetException'> (0x0000000722fd5348) thrown at [J:\jenkins\tmp\workspace\build\src\hotspot\src\share\vm\runtime\reflection.cpp, line 1092]
Event: 2.962 Thread 0x000002479f8cc000 Exception <a 'java/security/PrivilegedActionException'> (0x0000000720f43900) thrown at [J:\jenkins\tmp\workspace\build\src\hotspot\src\share\vm\prims\jvm.cpp, line 1514]
Event: 2.962 Thread 0x000002479f8cc000 Exception <a 'java/security/PrivilegedActionException'> (0x0000000720f44e30) thrown at [J:\jenkins\tmp\workspace\build\src\hotspot\src\share\vm\prims\jvm.cpp, line 1514]
Event: 2.962 Thread 0x000002479f8cc000 Exception <a 'java/security/PrivilegedActionException'> (0x0000000720f46260) thrown at [J:\jenkins\tmp\workspace\build\src\hotspot\src\share\vm\prims\jvm.cpp, line 1514]
Event: 2.962 Thread 0x000002479f8cc000 Exception <a 'java/security/PrivilegedActionException'> (0x0000000720f47920) thrown at [J:\jenkins\tmp\workspace\build\src\hotspot\src\share\vm\prims\jvm.cpp, line 1514]
Event: 2.962 Thread 0x000002479f8cc000 Exception <a 'java/security/PrivilegedActionException'> (0x0000000720f48d18) thrown at [J:\jenkins\tmp\workspace\build\src\hotspot\src\share\vm\prims\jvm.cpp, line 1514]
Event: 2.962 Thread 0x000002479f8cc000 Exception <a 'java/security/PrivilegedActionException'> (0x0000000720f4a0e0) thrown at [J:\jenkins\tmp\workspace\build\src\hotspot\src\share\vm\prims\jvm.cpp, line 1514]

Events (10 events):
Event: 2.990 loading class org/lwjgl/openal/ALCdevice
Event: 2.990 loading class org/lwjgl/openal/ALCdevice done
Event: 2.991 loading class org/lwjgl/openal/ALCcontext
Event: 2.991 loading class org/lwjgl/openal/ALCcontext done
Event: 2.991 loading class java/nio/DirectIntBufferU
Event: 2.991 loading class java/nio/DirectIntBufferU done
Event: 2.991 loading class org/lwjgl/openal/Util
Event: 2.991 loading class org/lwjgl/openal/Util done
Event: 2.992 loading class org/lwjgl/openal/OpenALException
Event: 2.992 loading class org/lwjgl/openal/OpenALException done


Dynamic libraries:
0x00007ff620a40000 - 0x00007ff620a85000 	C:\Program Files\Eclipse Adoptium\jdk-8.0.372.7-hotspot\bin\javaw.exe
0x00007ffae8690000 - 0x00007ffae8888000 	C:\WINDOWS\SYSTEM32\ntdll.dll
0x00007ffae77c0000 - 0x00007ffae787f000 	C:\WINDOWS\System32\KERNEL32.DLL
0x00007ffae6100000 - 0x00007ffae63f6000 	C:\WINDOWS\System32\KERNELBASE.dll
0x00007ffae7930000 - 0x00007ffae79df000 	C:\WINDOWS\System32\ADVAPI32.dll
0x00007ffae7890000 - 0x00007ffae792e000 	C:\WINDOWS\System32\msvcrt.dll
0x00007ffae6de0000 - 0x00007ffae6e7c000 	C:\WINDOWS\System32\sechost.dll
0x00007ffae8440000 - 0x00007ffae8566000 	C:\WINDOWS\System32\RPCRT4.dll
0x00007ffae66f0000 - 0x00007ffae688d000 	C:\WINDOWS\System32\USER32.dll
0x00007ffae6620000 - 0x00007ffae6642000 	C:\WINDOWS\System32\win32u.dll
0x00007ffae8250000 - 0x00007ffae827c000 	C:\WINDOWS\System32\GDI32.dll
0x00007ffae5f20000 - 0x00007ffae6035000 	C:\WINDOWS\System32\gdi32full.dll
0x00007ffae6650000 - 0x00007ffae66ed000 	C:\WINDOWS\System32\msvcp_win.dll
0x00007ffae5e20000 - 0x00007ffae5f20000 	C:\WINDOWS\System32\ucrtbase.dll
0x00007ffacea90000 - 0x00007ffaced2a000 	C:\WINDOWS\WinSxS\amd64_microsoft.windows.common-controls_6595b64144ccf1df_6.0.19041.1110_none_60b5254171f9507e\COMCTL32.dll
0x00007ffae8350000 - 0x00007ffae8380000 	C:\WINDOWS\System32\IMM32.DLL
0x00007ffad66b0000 - 0x00007ffad66c5000 	C:\Program Files\Eclipse Adoptium\jdk-8.0.372.7-hotspot\jre\bin\vcruntime140.dll
0x00007ffabfb70000 - 0x00007ffabfc0b000 	C:\Program Files\Eclipse Adoptium\jdk-8.0.372.7-hotspot\jre\bin\msvcp140.dll
0x000000006f240000 - 0x000000006fa98000 	C:\Program Files\Eclipse Adoptium\jdk-8.0.372.7-hotspot\jre\bin\server\jvm.dll
0x00007ffae6890000 - 0x00007ffae6898000 	C:\WINDOWS\System32\PSAPI.DLL
0x00007ffae07a0000 - 0x00007ffae07c7000 	C:\WINDOWS\SYSTEM32\WINMM.dll
0x00007ffae1400000 - 0x00007ffae140a000 	C:\WINDOWS\SYSTEM32\VERSION.dll
0x00007ffade900000 - 0x00007ffade909000 	C:\WINDOWS\SYSTEM32\WSOCK32.dll
0x00007ffae82e0000 - 0x00007ffae834b000 	C:\WINDOWS\System32\WS2_32.dll
0x00007ffae3bf0000 - 0x00007ffae3c02000 	C:\WINDOWS\SYSTEM32\kernel.appcore.dll
0x00007ffae0f50000 - 0x00007ffae0f60000 	C:\Program Files\Eclipse Adoptium\jdk-8.0.372.7-hotspot\jre\bin\verify.dll
0x00007ffadb8a0000 - 0x00007ffadb8cb000 	C:\Program Files\Eclipse Adoptium\jdk-8.0.372.7-hotspot\jre\bin\java.dll
0x00007ffadfe70000 - 0x00007ffadfe88000 	C:\Program Files\Eclipse Adoptium\jdk-8.0.372.7-hotspot\jre\bin\zip.dll
0x00007ffae6fc0000 - 0x00007ffae7704000 	C:\WINDOWS\System32\SHELL32.dll
0x00007ffae4500000 - 0x00007ffae4c93000 	C:\WINDOWS\SYSTEM32\windows.storage.dll
0x00007ffae68a0000 - 0x00007ffae6bf4000 	C:\WINDOWS\System32\combase.dll
0x00007ffae57d0000 - 0x00007ffae57fe000 	C:\WINDOWS\SYSTEM32\Wldp.dll
0x00007ffae7710000 - 0x00007ffae77bd000 	C:\WINDOWS\System32\SHCORE.dll
0x00007ffae83e0000 - 0x00007ffae8435000 	C:\WINDOWS\System32\shlwapi.dll
0x00007ffae5cb0000 - 0x00007ffae5ccf000 	C:\WINDOWS\SYSTEM32\profapi.dll
0x0000000065580000 - 0x0000000065616000 	C:\Users\Ailen\AppData\Local\Temp\libgdxAilen\12dfaa03\gdx64.dll
0x00007ffae5720000 - 0x00007ffae5738000 	C:\WINDOWS\SYSTEM32\CRYPTSP.dll
0x00007ffae4de0000 - 0x00007ffae4e14000 	C:\WINDOWS\system32\rsaenh.dll
0x00007ffae6560000 - 0x00007ffae6587000 	C:\WINDOWS\System32\bcrypt.dll
0x00007ffae5c30000 - 0x00007ffae5c5e000 	C:\WINDOWS\SYSTEM32\USERENV.dll
0x00007ffae6590000 - 0x00007ffae6612000 	C:\WINDOWS\System32\bcryptprimitives.dll
0x00007ffae5740000 - 0x00007ffae574c000 	C:\WINDOWS\SYSTEM32\CRYPTBASE.dll
0x00007ffadf160000 - 0x00007ffadf17c000 	C:\Program Files\Eclipse Adoptium\jdk-8.0.372.7-hotspot\jre\bin\net.dll
0x00007ffae5530000 - 0x00007ffae559a000 	C:\WINDOWS\system32\mswsock.dll
0x00007ffae51d0000 - 0x00007ffae520c000 	C:\WINDOWS\SYSTEM32\IPHLPAPI.DLL
0x00007ffae7880000 - 0x00007ffae7888000 	C:\WINDOWS\System32\NSI.dll
0x00007ffade9a0000 - 0x00007ffade9b7000 	C:\WINDOWS\SYSTEM32\dhcpcsvc6.DLL
0x00007ffade980000 - 0x00007ffade99d000 	C:\WINDOWS\SYSTEM32\dhcpcsvc.DLL
0x00007ffae5220000 - 0x00007ffae52eb000 	C:\WINDOWS\SYSTEM32\DNSAPI.dll
0x00007ffadb840000 - 0x00007ffadb853000 	C:\Program Files\Eclipse Adoptium\jdk-8.0.372.7-hotspot\jre\bin\nio.dll
0x0000000180000000 - 0x0000000180053000 	C:\Users\Ailen\AppData\Local\Temp\libgdxAilen\dc0f0009\lwjgl64.dll
0x00007ffab68e0000 - 0x00007ffab6a05000 	C:\WINDOWS\SYSTEM32\OPENGL32.dll
0x00007ffab9d00000 - 0x00007ffab9d2c000 	C:\WINDOWS\SYSTEM32\GLU32.dll
0x00000247c8f90000 - 0x00000247c8ff4000 	C:\Users\Ailen\AppData\Local\Temp\libgdxAilen\dc0f0009\OpenAL64.dll
0x00007ffae6c90000 - 0x00007ffae6dba000 	C:\WINDOWS\System32\ole32.dll
0x00007ffae3720000 - 0x00007ffae37be000 	C:\WINDOWS\system32\uxtheme.dll
0x00007ffae6f00000 - 0x00007ffae6fa9000 	C:\WINDOWS\System32\clbcatq.dll
0x00007ffabd450000 - 0x00007ffabd4ec000 	C:\WINDOWS\SYSTEM32\dsound.dll
0x00007ffad39c0000 - 0x00007ffad39e6000 	C:\WINDOWS\SYSTEM32\winmmbase.dll
0x00007ffae5340000 - 0x00007ffae538b000 	C:\WINDOWS\SYSTEM32\powrprof.dll
0x00007ffae51b0000 - 0x00007ffae51c2000 	C:\WINDOWS\SYSTEM32\UMPDC.dll
0x00007ffadce40000 - 0x00007ffadcec5000 	C:\WINDOWS\System32\MMDevApi.dll
0x00007ffae5980000 - 0x00007ffae59ac000 	C:\WINDOWS\System32\DEVOBJ.dll
0x00007ffae60b0000 - 0x00007ffae60fe000 	C:\WINDOWS\System32\cfgmgr32.dll
0x00007ffacde60000 - 0x00007ffacdfe2000 	C:\WINDOWS\SYSTEM32\AUDIOSES.DLL
0x00007ffae8180000 - 0x00007ffae824d000 	C:\WINDOWS\System32\OLEAUT32.dll
0x00007ffade9c0000 - 0x00007ffadeba4000 	C:\WINDOWS\SYSTEM32\dbghelp.dll

VM Arguments:
jvm_args: -Duser.language=es_AR -Dfile.encoding=UTF-8 
java_command: org.uqbar.project.wollok.launch.WollokLauncher -requestsPort 0 -eventsPort 0 -folder -dontValidate -wf src/program.wpgm
java_class_path (initial): F:\Mio\UNAHUR\Objetos 1\tpgame-objetos-de-noche\bin;C:\Users\Ailen\Desktop\plugins\com.ibm.icu_64.2.0.v20190507-1337.jar;C:\Users\Ailen\Desktop\plugins\org.eclipse.xtext_2.20.0.v20191202-0915.jar;C:\Users\Ailen\Desktop\plugins\org.eclipse.emf.ecore.xmi_2.16.0.v20190528-0725.jar;C:\Users\Ailen\Desktop\plugins\org.eclipse.emf.ecore_2.20.0.v20190920-0401.jar;C:\Users\Ailen\Desktop\plugins\org.eclipse.emf.common_2.17.0.v20190920-0401.jar;C:\Users\Ailen\Desktop\plugins\org.antlr.runtime_3.2.0.v201101311130.jar;C:\Users\Ailen\Desktop\plugins\com.google.inject_3.0.0.v201605172100.jar;C:\Users\Ailen\Desktop\plugins\org.eclipse.emf.mwe.core_1.5.1.v20191121-1148.jar;C:\Users\Ailen\Desktop\plugins\org.apache.commons.cli_1.2.0.v201404270220.jar;C:\Users\Ailen\Desktop\plugins\org.eclipse.emf.mwe2.runtime_2.11.1.v20191121-1148.jar;C:\Users\Ailen\Desktop\plugins\org.eclipse.emf.mwe.utils_1.5.1.v20191121-1148.jar;C:\Users\Ailen\Desktop\plugins\org.eclipse.xtext.util_2.20.0.v20191202-0915.jar;C:\Users\Ailen\Desktop\plugins\com.google.guava_27.1.0.v20190517-1946.jar;C:\Users\Ailen\Desktop\plugins\javax.inject_1.0.0.v20091030.jar;C:\Users\Ailen\Desktop\plugins\org.eclipse.xtext.generator_2.20.0.v20191202-0933.jar;C:\Users\Ailen\Desktop\plugins\org.eclipse.xtext.xtext.generator_2.20.0.v20191202-0915.jar;C:\Users\Ailen\Desktop\plugins\org.eclipse.xtext.xbase.lib_2.20.0.v20191202-0907.jar;C:\Users\Ailen\Desktop\plugins\org.eclipse.emf.codegen.ecore_2.20.0.v20191012-0918.jar;C:\Users\Ailen\Desktop\plugins\org.eclipse.emf.codegen_2.19.0.v20190821-1536.jar;C:\Users\Ailen\Desktop\plugins\org.eclipse.xtend_2.2.0.v201605260315.jar;C:\Users\Ailen\Desktop\plugins\org.eclipse.xpand_2.2.0.v201605260315.jar;C:\Users\Ailen\Desktop\plugins\org.eclipse.xtend.typesystem.emf_2.2.0.v201605260315.jar;C:\Users\Ailen\Desktop\plugins\org.uqbar.project.wollok_3.0.0.jar;C:\Users\Ailen\Desktop\plugins\org.eclipse.xtext.xbase_2.20.0.v20191202-0933.jar;C:\Users\Ailen\Desktop\plugins\o
Launcher Type: SUN_STANDARD

Environment Variables:
PATH=C:/Program Files/Eclipse Adoptium/jdk-8.0.372.7-hotspot/bin/../jre/bin/server;C:/Program Files/Eclipse Adoptium/jdk-8.0.372.7-hotspot/bin/../jre/bin;C:/Program Files/Eclipse Adoptium/jdk-8.0.372.7-hotspot/bin/../jre/lib/amd64;C:\Program Files\Eclipse Adoptium\jdk-8.0.372.7-hotspot\bin;C:\Program Files\Common Files\Oracle\Java\javapath;C:\Program Files\Common Files\Microsoft Shared\Microsoft Online Services;C:\Program Files (x86)\Common Files\Microsoft Shared\Microsoft Online Services;C:\Program Files (x86)\Common Files\Intel\Shared Libraries\redist\intel64\compiler;C:\Program Files (x86)\Common Files\Oracle\Java\javapath;C:\WINDOWS\system32;C:\WINDOWS;C:\WINDOWS\System32\Wbem;C:\WINDOWS\System32\WindowsPowerShell\v1.0\;C:\WINDOWS\System32\OpenSSH\;C:\Program Files (x86)\Windows Live\Shared;C:\Program Files\dotnet\;C:\Program Files\Microsoft SQL Server\130\Tools\Binn\;C:\Program Files\Microsoft SQL Server\Client SDK\ODBC\170\Tools\Binn\;C:\Program Files\Git\cmd;C:\Program Files (x86)\Microsoft SQL Server\150\Tools\Binn\;C:\Program Files\Microsoft SQL Server\150\Tools\Binn\;C:\Program Files\Microsoft SQL Server\150\DTS\Binn\;C:\Program Files\Azure Data Studio\bin;C:\Program Files (x86)\Microsoft SQL Server\150\DTS\Binn\;F:\Desarrollo web\nodejs\;C:\Program Files (x86)\Microsoft SQL Server\160\DTS\Binn\;C:\Program Files\MySQL\MySQL Shell 8.0\bin\;C:\Users\Ailen\AppData\Local\Microsoft\WindowsApps;;C:\Users\Ailen\AppData\Local\Programs\Microsoft VS Code\bin;C:\Users\Ailen\.dotnet\tools;C:\Program Files\Azure Data Studio\bin;C:\Users\Ailen\AppData\Roaming\npm;C:\Users\Ailen\Desktop;
USERNAME=Ailen
OS=Windows_NT
PROCESSOR_IDENTIFIER=AMD64 Family 23 Model 17 Stepping 0, AuthenticAMD



---------------  S Y S T E M  ---------------

OS: Windows 10 , 64 bit Build 19041 (10.0.19041.2913)

CPU:total 8 (initial active 8) (8 cores per cpu, 1 threads per core) family 23 model 17 stepping 0, cmov, cx8, fxsr, mmx, sse, sse2, sse3, ssse3, sse4.1, sse4.2, popcnt, avx, avx2, aes, clmul, mmxext, 3dnowpref, lzcnt, sse4a, tsc, tscinvbit, tscinv, bmi1

Memory: 4k page, physical 31403328k(20170368k free), swap 36121920k(17568560k free)

vm_info: OpenJDK 64-Bit Server VM (25.372-b07) for windows-amd64 JRE (1.8.0_372-b07), built on Apr 19 2023 08:59:36 by "jenkins" with MS VC++ 15.9 (VS2017)

time: Tue Jun 13 21:15:00 2023
timezone: Hora estándar de Argentina
elapsed time: 3.018313 seconds (0d 0h 0m 3s)

